<?xml version="1.0" encoding="UTF-8"?>
<!-- Generated by org.testng.reporters.JUnitReportReporter -->
<testsuite hostname="Patel-G" failures="0" tests="1" name="DDT_JSON_File.ReadDataFromJSON_CreateOrg" time="24.765" errors="0" timestamp="2024-05-24T13:19:11 IST" skipped="0">
  <testcase classname="DDT_JSON_File.ReadDataFromJSON_CreateOrg" name="createOrgTest" time="24.765"/>
  <system-out/>
</testsuite> <!-- DDT_JSON_File.ReadDataFromJSON_CreateOrg -->
