<?xml version="1.0" encoding="UTF-8"?>
<!-- Generated by org.testng.reporters.JUnitReportReporter -->
<testsuite hostname="Patel-G" failures="0" tests="1" name="DDT_XML_File.ReadDataFromXML_CreateOrg" time="29.515" errors="0" timestamp="2024-05-23T16:09:54 IST" skipped="0">
  <testcase classname="DDT_XML_File.ReadDataFromXML_CreateOrg" name="TestNG_CreateOrg_Test" time="29.515"/>
  <system-out/>
</testsuite> <!-- DDT_XML_File.ReadDataFromXML_CreateOrg -->
