<?xml version="1.0" encoding="UTF-8"?>
<!-- Generated by org.testng.reporters.JUnitReportReporter -->
<testsuite hostname="Patel-G" failures="0" tests="1" name="Tasks.allHyperlinks" time="5.311" errors="0" timestamp="2024-06-15T11:43:02 IST" skipped="0">
  <testcase classname="Tasks.allHyperlinks" name="read_allHyperlinksTest" time="5.311"/>
  <system-out/>
</testsuite> <!-- Tasks.allHyperlinks -->
