<?xml version="1.0" encoding="UTF-8"?>
<!-- Generated by org.testng.reporters.JUnitReportReporter -->
<testsuite hostname="Patel-G" failures="0" tests="1" name="DDT_XML_File.ReadDataFromTestNG_XML_Test" time="0.013" errors="0" timestamp="2024-05-23T15:43:41 IST" skipped="0">
  <testcase classname="DDT_XML_File.ReadDataFromTestNG_XML_Test" name="runTest" time="0.013"/>
  <system-out/>
</testsuite> <!-- DDT_XML_File.ReadDataFromTestNG_XML_Test -->
