<?xml version="1.0" encoding="UTF-8"?>
<!-- Generated by org.testng.reporters.JUnitReportReporter -->
<testsuite hostname="Patel-G" failures="0" tests="1" name="Tasks.Patterns" time="0.013" errors="0" timestamp="2024-06-18T10:33:23 IST" skipped="0">
  <testcase classname="Tasks.Patterns" name="Pattern5" time="0.013"/>
  <system-out/>
</testsuite> <!-- Tasks.Patterns -->
